Determining if the pthread_create exist failed with the following output:
Change Dir: /home/krwi/wste/google_googletest/build/CMakeFiles/CMakeTmp

Run Build Command:/usr/bin/make "cmTryCompileExec3956686850/fast"
/usr/bin/make -f CMakeFiles/cmTryCompileExec3956686850.dir/build.make CMakeFiles/cmTryCompileExec3956686850.dir/build
make[1]: Entering directory `/home/krwi/wste/google_googletest/build/CMakeFiles/CMakeTmp'
/usr/bin/cmake -E cmake_progress_report /home/krwi/wste/google_googletest/build/CMakeFiles/CMakeTmp/CMakeFiles 1
Building C object CMakeFiles/cmTryCompileExec3956686850.dir/CheckSymbolExists.c.o
/usr/bin/cc    -o CMakeFiles/cmTryCompileExec3956686850.dir/CheckSymbolExists.c.o   -c /home/krwi/wste/google_googletest/build/CMakeFiles/CMakeTmp/CheckSymbolExists.c
Linking C executable cmTryCompileExec3956686850
/usr/bin/cmake -E cmake_link_script CMakeFiles/cmTryCompileExec3956686850.dir/link.txt --verbose=1
/usr/bin/cc       CMakeFiles/cmTryCompileExec3956686850.dir/CheckSymbolExists.c.o  -o cmTryCompileExec3956686850 -rdynamic 
CMakeFiles/cmTryCompileExec3956686850.dir/CheckSymbolExists.c.o: In function `main':
CheckSymbolExists.c:(.text+0x16): undefined reference to `pthread_create'
collect2: error: ld returned 1 exit status
make[1]: *** [cmTryCompileExec3956686850] Error 1
make[1]: Leaving directory `/home/krwi/wste/google_googletest/build/CMakeFiles/CMakeTmp'
make: *** [cmTryCompileExec3956686850/fast] Error 2

File /home/krwi/wste/google_googletest/build/CMakeFiles/CMakeTmp/CheckSymbolExists.c:
/* */
#include <pthread.h>

int main(int argc, char** argv)
{
  (void)argv;
#ifndef pthread_create
  return ((int*)(&pthread_create))[argc];
#else
  (void)argc;
  return 0;
#endif
}

Determining if the function pthread_create exists in the pthreads failed with the following output:
Change Dir: /home/krwi/wste/google_googletest/build/CMakeFiles/CMakeTmp

Run Build Command:/usr/bin/make "cmTryCompileExec1111747946/fast"
/usr/bin/make -f CMakeFiles/cmTryCompileExec1111747946.dir/build.make CMakeFiles/cmTryCompileExec1111747946.dir/build
make[1]: Entering directory `/home/krwi/wste/google_googletest/build/CMakeFiles/CMakeTmp'
/usr/bin/cmake -E cmake_progress_report /home/krwi/wste/google_googletest/build/CMakeFiles/CMakeTmp/CMakeFiles 1
Building C object CMakeFiles/cmTryCompileExec1111747946.dir/CheckFunctionExists.c.o
/usr/bin/cc   -DCHECK_FUNCTION_EXISTS=pthread_create   -o CMakeFiles/cmTryCompileExec1111747946.dir/CheckFunctionExists.c.o   -c /usr/share/cmake-2.8/Modules/CheckFunctionExists.c
Linking C executable cmTryCompileExec1111747946
/usr/bin/cmake -E cmake_link_script CMakeFiles/cmTryCompileExec1111747946.dir/link.txt --verbose=1
/usr/bin/cc   -DCHECK_FUNCTION_EXISTS=pthread_create    CMakeFiles/cmTryCompileExec1111747946.dir/CheckFunctionExists.c.o  -o cmTryCompileExec1111747946 -rdynamic -lpthreads 
/usr/bin/ld: cannot find -lpthreads
collect2: error: ld returned 1 exit status
make[1]: *** [cmTryCompileExec1111747946] Error 1
make[1]: Leaving directory `/home/krwi/wste/google_googletest/build/CMakeFiles/CMakeTmp'
make: *** [cmTryCompileExec1111747946/fast] Error 2


